<?xml version="1.0" encoding="UTF-8"?>
<!-- Generated by org.testng.reporters.JUnitReportReporter -->
<testsuite skipped="0" hostname="ANUP-PC" name="package_Flipkart.Flipkart_TC2_RemoveProduct" tests="1" failures="0" timestamp="20 Dec 2017 17:52:59 GMT" time="65.899" errors="0">
  <testcase name="removeproduct" time="65.899" classname="package_Flipkart.Flipkart_TC2_RemoveProduct"/>
</testsuite> <!-- package_Flipkart.Flipkart_TC2_RemoveProduct -->
