<?xml version="1.0" encoding="UTF-8"?>
<!-- Generated by org.testng.reporters.JUnitReportReporter -->
<testsuite skipped="0" hostname="ANUP-PC" name="package_Amazon.Amazon_TC7_FromWishlitToCart" tests="1" failures="0" timestamp="06 Jan 2018 12:14:16 GMT" time="95.904" errors="0">
  <testcase name="fromwishlist_tocart" time="95.904" classname="package_Amazon.Amazon_TC7_FromWishlitToCart"/>
</testsuite> <!-- package_Amazon.Amazon_TC7_FromWishlitToCart -->
